<?xml version="1.0" encoding="UTF-8"?>
<!-- Generated by org.testng.reporters.JUnitReportReporter -->
<testsuite hostname="Vidhis-MacBook-Pro.local" failures="0" tests="1" name="MercuryTours_week4.scenario1_week4Test" time="1.612" errors="0" timestamp="2019-11-09T12:28:18 EST" skipped="0">
  <testcase classname="MercuryTours_week4.scenario1_week4Test" name="f" time="1.612"/>
</testsuite> <!-- MercuryTours_week4.scenario1_week4Test -->
