<?xml version="1.0" encoding="UTF-8"?>
<!-- Generated by org.testng.reporters.JUnitReportReporter -->
<testsuite hostname="Vidhis-MacBook-Pro.local" failures="0" tests="1" name="MercuryTours_week4.scen2_week4" time="4.607" errors="0" timestamp="09 Nov. 2019 21:27:34 GMT" skipped="0">
  <testcase classname="MercuryTours_week4.scen2_week4" name="AddPayee" time="4.607"/>
</testsuite> <!-- MercuryTours_week4.scen2_week4 -->
