<?xml version="1.0" encoding="UTF-8"?>
<!-- Generated by org.testng.reporters.JUnitReportReporter -->
<testsuite hostname="Vidhis-MacBook-Pro.local" failures="0" tests="1" name="Demo.DemoTours" time="8.670" errors="0" timestamp="2019-10-26T14:27:43 EDT" skipped="0">
  <testcase classname="Demo.DemoTours" name="verifylogin" time="8.670"/>
</testsuite> <!-- Demo.DemoTours -->
