<?xml version="1.0" encoding="UTF-8"?>
<!-- Generated by org.testng.reporters.JUnitReportReporter -->
<testsuite hostname="Vidhis-MacBook-Pro.local" failures="0" tests="1" name="MercuryTours_week4.sceanrio3_week4" time="6.299" errors="0" timestamp="2019-11-09T12:28:17 EST" skipped="0">
  <testcase classname="MercuryTours_week4.sceanrio3_week4" name="f" time="6.299"/>
</testsuite> <!-- MercuryTours_week4.sceanrio3_week4 -->
