<?xml version="1.0" encoding="UTF-8"?>
<!-- Generated by org.testng.reporters.JUnitReportReporter -->
<testsuite hostname="Vidhis-MacBook-Pro.local" failures="0" tests="1" name="MercuryTours_week4.scenario1_week4" time="2.633" errors="0" timestamp="2019-11-01T23:41:47 EDT" skipped="0">
  <testcase classname="MercuryTours_week4.scenario1_week4" name="f" time="2.633"/>
</testsuite> <!-- MercuryTours_week4.scenario1_week4 -->
